<?xml version="1.0" encoding="UTF-8"?>
<testsuite name="com.bridgelabz.CensusAnalyserTest" tests="1" skipped="0" failures="0" errors="0" timestamp="2022-09-18T14:48:52" hostname="PRIYA" time="0.027">
  <properties/>
  <testcase name="givenIndianCensusCSVFile_WhenCorrectPath_ShouldReturnCorrectRecords()" classname="com.bridgelabz.CensusAnalyserTest" time="0.027"/>
  <system-out><![CDATA[]]></system-out>
  <system-err><![CDATA[]]></system-err>
</testsuite>
